[    0.000000] Initializing cgroup subsys cpuset
[    0.000000] Initializing cgroup subsys cpu
[    0.000000] Initializing cgroup subsys cpuacct
[    0.000000] Linux version 4.4.0-179-generic (buildd@lcy01-amd64-014) (gcc version 5.4.0 20160609 (Ubuntu 5.4.0-6ubuntu1~16.04.12) ) #209-Ubuntu SMP Fri Apr 24 17:48:44 UTC 2020 (Ubuntu 4.4.0-179.209-generic 4.4.219)
[    0.000000] Command line: BOOT_IMAGE=/boot/vmlinuz-4.4.0-179-generic root=LABEL=cloudimg-rootfs ro console=tty1 console=ttyS0
[    0.000000] KERNEL supported cpus:
[    0.000000]   Intel GenuineIntel
[    0.000000]   AMD AuthenticAMD
[    0.000000]   Centaur CentaurHauls
[    0.000000] x86/fpu: xstate_offset[2]:  576, xstate_sizes[2]:  256
[    0.000000] x86/fpu: Supporting XSAVE feature 0x01: 'x87 floating point registers'
[    0.000000] x86/fpu: Supporting XSAVE feature 0x02: 'SSE registers'
[    0.000000] x86/fpu: Supporting XSAVE feature 0x04: 'AVX registers'
[    0.000000] x86/fpu: Enabled xstate features 0x7, context size is 832 bytes, using 'standard' format.
[    0.000000] e820: BIOS-provided physical RAM map:
[    0.000000] BIOS-e820: [mem 0x0000000000000000-0x000000000009fbff] usable
[    0.000000] BIOS-e820: [mem 0x000000000009fc00-0x000000000009ffff] reserved
[    0.000000] BIOS-e820: [mem 0x00000000000f0000-0x00000000000fffff] reserved
[    0.000000] BIOS-e820: [mem 0x0000000000100000-0x00000000dffeffff] usable
[    0.000000] BIOS-e820: [mem 0x00000000dfff0000-0x00000000dfffffff] ACPI data
[    0.000000] BIOS-e820: [mem 0x00000000fec00000-0x00000000fec00fff] reserved
[    0.000000] BIOS-e820: [mem 0x00000000fee00000-0x00000000fee00fff] reserved
[    0.000000] BIOS-e820: [mem 0x00000000fffc0000-0x00000000ffffffff] reserved
[    0.000000] BIOS-e820: [mem 0x0000000100000000-0x000000011fffffff] usable
[    0.000000] NX (Execute Disable) protection: active
[    0.000000] SMBIOS 2.5 present.
[    0.000000] Hypervisor detected: KVM
[    0.000000] e820: last_pfn = 0x120000 max_arch_pfn = 0x400000000
[    0.000000] MTRR: Disabled
[    0.000000] x86/PAT: MTRRs disabled, skipping PAT initialization too.
[    0.000000] CPU MTRRs all blank - virtualized system.
[    0.000000] x86/PAT: Configuration [0-7]: WB  WT  UC- UC  WB  WT  UC- UC  
[    0.000000] e820: last_pfn = 0xdfff0 max_arch_pfn = 0x400000000
[    0.000000] found SMP MP-table at [mem 0x0009fff0-0x0009ffff] mapped at [ffff88000009fff0]
[    0.000000] Scanning 1 areas for low memory corruption
[    0.000000] RAMDISK: [mem 0x362e0000-0x37167fff]
[    0.000000] ACPI: Early table checksum verification disabled
[    0.000000] ACPI: RSDP 0x00000000000E0000 000024 (v02 VBOX  )
[    0.000000] ACPI: XSDT 0x00000000DFFF0030 00003C (v01 VBOX   VBOXXSDT 00000001 ASL  00000061)
[    0.000000] ACPI: FACP 0x00000000DFFF00F0 0000F4 (v04 VBOX   VBOXFACP 00000001 ASL  00000061)
[    0.000000] ACPI: DSDT 0x00000000DFFF0480 002325 (v02 VBOX   VBOXBIOS 00000002 INTL 20100528)
[    0.000000] ACPI: FACS 0x00000000DFFF0200 000040
[    0.000000] ACPI: FACS 0x00000000DFFF0200 000040
[    0.000000] ACPI: APIC 0x00000000DFFF0240 00006C (v02 VBOX   VBOXAPIC 00000001 ASL  00000061)
[    0.000000] ACPI: SSDT 0x00000000DFFF02B0 0001CC (v01 VBOX   VBOXCPUT 00000002 INTL 20100528)
[    0.000000] No NUMA configuration found
[    0.000000] Faking a node at [mem 0x0000000000000000-0x000000011fffffff]
[    0.000000] NODE_DATA(0) allocated [mem 0x11fff7000-0x11fffbfff]
[    0.000000] kvm-clock: Using msrs 4b564d01 and 4b564d00
[    0.000000] kvm-clock: cpu 0, msr 1:1ffef001, primary cpu clock
[    0.000000] kvm-clock: using sched offset of 3397451429 cycles
[    0.000000] clocksource: kvm-clock: mask: 0xffffffffffffffff max_cycles: 0x1cd42e4dffb, max_idle_ns: 881590591483 ns
[    0.000000] Zone ranges:
[    0.000000]   DMA      [mem 0x0000000000001000-0x0000000000ffffff]
[    0.000000]   DMA32    [mem 0x0000000001000000-0x00000000ffffffff]
[    0.000000]   Normal   [mem 0x0000000100000000-0x000000011fffffff]
[    0.000000]   Device   empty
[    0.000000] Movable zone start for each node
[    0.000000] Early memory node ranges
[    0.000000]   node   0: [mem 0x0000000000001000-0x000000000009efff]
[    0.000000]   node   0: [mem 0x0000000000100000-0x00000000dffeffff]
[    0.000000]   node   0: [mem 0x0000000100000000-0x000000011fffffff]
[    0.000000] Initmem setup node 0 [mem 0x0000000000001000-0x000000011fffffff]
[    0.000000] ACPI: PM-Timer IO Port: 0x4008
[    0.000000] IOAPIC[0]: apic_id 4, version 32, address 0xfec00000, GSI 0-23
[    0.000000] ACPI: INT_SRC_OVR (bus 0 bus_irq 0 global_irq 2 dfl dfl)
[    0.000000] ACPI: INT_SRC_OVR (bus 0 bus_irq 9 global_irq 9 low level)
[    0.000000] Using ACPI (MADT) for SMP configuration information
[    0.000000] smpboot: Allowing 4 CPUs, 0 hotplug CPUs
[    0.000000] PM: Registered nosave memory: [mem 0x00000000-0x00000fff]
[    0.000000] PM: Registered nosave memory: [mem 0x0009f000-0x0009ffff]
[    0.000000] PM: Registered nosave memory: [mem 0x000a0000-0x000effff]
[    0.000000] PM: Registered nosave memory: [mem 0x000f0000-0x000fffff]
[    0.000000] PM: Registered nosave memory: [mem 0xdfff0000-0xdfffffff]
[    0.000000] PM: Registered nosave memory: [mem 0xe0000000-0xfebfffff]
[    0.000000] PM: Registered nosave memory: [mem 0xfec00000-0xfec00fff]
[    0.000000] PM: Registered nosave memory: [mem 0xfec01000-0xfedfffff]
[    0.000000] PM: Registered nosave memory: [mem 0xfee00000-0xfee00fff]
[    0.000000] PM: Registered nosave memory: [mem 0xfee01000-0xfffbffff]
[    0.000000] PM: Registered nosave memory: [mem 0xfffc0000-0xffffffff]
[    0.000000] e820: [mem 0xe0000000-0xfebfffff] available for PCI devices
[    0.000000] Booting paravirtualized kernel on KVM
[    0.000000] clocksource: refined-jiffies: mask: 0xffffffff max_cycles: 0xffffffff, max_idle_ns: 7645519600211568 ns
[    0.000000] setup_percpu: NR_CPUS:512 nr_cpumask_bits:512 nr_cpu_ids:4 nr_node_ids:1
[    0.000000] PERCPU: Embedded 33 pages/cpu @ffff88011fc00000 s95448 r8192 d31528 u524288
[    0.000000] Built 1 zonelists in Node order, mobility grouping on.  Total pages: 1032056
[    0.000000] Policy zone: Normal
[    0.000000] Kernel command line: BOOT_IMAGE=/boot/vmlinuz-4.4.0-179-generic root=LABEL=cloudimg-rootfs ro console=tty1 console=ttyS0
[    0.000000] PID hash table entries: 4096 (order: 3, 32768 bytes)
[    0.000000] Memory: 4027920K/4193848K available (8630K kernel code, 1336K rwdata, 4036K rodata, 1488K init, 1292K bss, 165928K reserved, 0K cma-reserved)
[    0.000000] SLUB: HWalign=64, Order=0-3, MinObjects=0, CPUs=4, Nodes=1
[    0.000000] Kernel/User page tables isolation: enabled
[    0.000000] Hierarchical RCU implementation.
[    0.000000] 	Build-time adjustment of leaf fanout to 64.
[    0.000000] 	RCU restricting CPUs from NR_CPUS=512 to nr_cpu_ids=4.
[    0.000000] RCU: Adjusting geometry for rcu_fanout_leaf=64, nr_cpu_ids=4
[    0.000000] NR_IRQS:33024 nr_irqs:456 16
[    0.000000] Console: colour VGA+ 80x25
[    0.000000] console [tty1] enabled
[    0.000000] console [ttyS0] enabled
[    0.000000] tsc: Detected 2592.000 MHz processor
[    0.237469] Calibrating delay loop (skipped) preset value.. 5184.00 BogoMIPS (lpj=10368000)
[    0.239076] pid_max: default: 32768 minimum: 301
[    0.240168] ACPI: Core revision 20150930
[    0.241615] ACPI: 2 ACPI AML tables successfully acquired and loaded
[    0.242833] Security Framework initialized
[    0.243615] Yama: becoming mindful.
[    0.244318] AppArmor: AppArmor initialized
[    0.246716] Dentry cache hash table entries: 524288 (order: 10, 4194304 bytes)
[    0.250650] Inode-cache hash table entries: 262144 (order: 9, 2097152 bytes)
[    0.252068] Mount-cache hash table entries: 8192 (order: 4, 65536 bytes)
[    0.253272] Mountpoint-cache hash table entries: 8192 (order: 4, 65536 bytes)
[    0.255731] Initializing cgroup subsys io
[    0.256516] Initializing cgroup subsys memory
[    0.257577] Initializing cgroup subsys devices
[    0.258423] Initializing cgroup subsys freezer
[    0.259259] Initializing cgroup subsys net_cls
[    0.260112] Initializing cgroup subsys perf_event
[    0.261019] Initializing cgroup subsys net_prio
[    0.261872] Initializing cgroup subsys hugetlb
[    0.262708] Initializing cgroup subsys pids
[    0.264592] mce: CPU supports 0 MCE banks
[    0.265425] Last level iTLB entries: 4KB 64, 2MB 8, 4MB 8
[    0.266415] Last level dTLB entries: 4KB 64, 2MB 0, 4MB 0, 1GB 4
[    0.267505] Spectre V1 : Mitigation: usercopy/swapgs barriers and __user pointer sanitization
[    0.269139] Spectre V2 : Mitigation: Full generic retpoline
[    0.270164] Spectre V2 : Spectre v2 / SpectreRSB mitigation: Filling RSB on context switch
[    0.271714] Speculative Store Bypass: Vulnerable
[    0.272652] MDS: Mitigation: Clear CPU buffers
[    0.275634] Freeing SMP alternatives memory: 36K
[    0.281465] ftrace: allocating 32313 entries in 127 pages
[    0.328112] smpboot: APIC(0) Converting physical 0 to logical package 0
[    0.329631] smpboot: Max logical packages: 1
[    0.330634] x2apic enabled
[    0.331377] Switched APIC routing to physical x2apic.
[    0.333455] ..TIMER: vector=0x30 apic1=0 pin1=2 apic2=-1 pin2=-1
[    0.442653] smpboot: CPU0: Intel(R) Core(TM) i7-9750H CPU @ 2.60GHz (family: 0x6, model: 0x9e, stepping: 0xa)
[    0.445651] Performance Events: unsupported p6 CPU model 158 no PMU driver, software events only.
[    0.455706] KVM setup paravirtual spinlock
[    0.457188] x86: Booting SMP configuration:
[    0.458152] .... node  #0, CPUs:      #1
[    0.459540] kvm-clock: cpu 1, msr 1:1ffef041, secondary cpu clock
[    0.461448] mce: CPU supports 0 MCE banks
[    0.464121]  #2
[    0.464630] kvm-clock: cpu 2, msr 1:1ffef081, secondary cpu clock
[    0.466835] mce: CPU supports 0 MCE banks
[    0.469954]  #3
[    0.470780] kvm-clock: cpu 3, msr 1:1ffef0c1, secondary cpu clock
[    0.472811] mce: CPU supports 0 MCE banks
[    0.475415] x86: Booted up 1 node, 4 CPUs
[    0.476542] smpboot: Total of 4 processors activated (20736.00 BogoMIPS)
[    0.478035] devtmpfs: initialized
[    0.482624] evm: security.selinux
[    0.483855] evm: security.SMACK64
[    0.484631] evm: security.SMACK64EXEC
[    0.485479] evm: security.SMACK64TRANSMUTE
[    0.486267] evm: security.SMACK64MMAP
[    0.486994] evm: security.ima
[    0.487600] evm: security.capability
[    0.488581] clocksource: jiffies: mask: 0xffffffff max_cycles: 0xffffffff, max_idle_ns: 7645041785100000 ns
[    0.490481] futex hash table entries: 1024 (order: 4, 65536 bytes)
[    0.492288] pinctrl core: initialized pinctrl subsystem
[    0.493336] RTC time:  5:09:38, date: 06/01/20
[    0.494490] NET: Registered protocol family 16
[    0.507285] cpuidle: using governor ladder
[    0.519274] cpuidle: using governor menu
[    0.520561] PCCT header not found.
[    0.521580] ACPI: bus type PCI registered
[    0.522402] acpiphp: ACPI Hot Plug PCI Controller Driver version: 0.5
[    0.523671] PCI: Using configuration type 1 for base access
[    0.537771] ACPI: Added _OSI(Module Device)
[    0.538796] ACPI: Added _OSI(Processor Device)
[    0.539660] ACPI: Added _OSI(3.0 _SCP Extensions)
[    0.540682] ACPI: Added _OSI(Processor Aggregator Device)
[    0.542299] ACPI: Executed 1 blocks of module-level executable AML code
[    0.545097] ACPI: Interpreter enabled
[    0.545850] ACPI: (supports S0 S5)
[    0.546742] ACPI: Using IOAPIC for interrupt routing
[    0.547823] PCI: Using host bridge windows from ACPI; if necessary, use "pci=nocrs" and report a bug
[    0.553393] ACPI: PCI Root Bridge [PCI0] (domain 0000 [bus 00-ff])
[    0.554527] acpi PNP0A03:00: _OSC: OS supports [ASPM ClockPM Segments MSI]
[    0.555979] acpi PNP0A03:00: _OSC: not requesting OS control; OS requires [ExtendedConfig ASPM ClockPM MSI]
[    0.557878] acpi PNP0A03:00: fail to add MMCONFIG information, can't access extended PCI configuration space under this bridge.
[    0.560548] PCI host bridge to bus 0000:00
[    0.568133] pci_bus 0000:00: root bus resource [io  0x0000-0x0cf7 window]
[    0.569409] pci_bus 0000:00: root bus resource [io  0x0d00-0xffff window]
[    0.570687] pci_bus 0000:00: root bus resource [mem 0x000a0000-0x000bffff window]
[    0.572157] pci_bus 0000:00: root bus resource [mem 0xe0000000-0xfdffffff window]
[    0.574384] pci_bus 0000:00: root bus resource [bus 00-ff]
[    0.577500] pci 0000:00:01.1: legacy IDE quirk: reg 0x10: [io  0x01f0-0x01f7]
[    0.579192] pci 0000:00:01.1: legacy IDE quirk: reg 0x14: [io  0x03f6]
[    0.580395] pci 0000:00:01.1: legacy IDE quirk: reg 0x18: [io  0x0170-0x0177]
[    0.581672] pci 0000:00:01.1: legacy IDE quirk: reg 0x1c: [io  0x0376]
[    0.614087] pci 0000:00:07.0: quirk: [io  0x4000-0x403f] claimed by PIIX4 ACPI
[    0.616026] pci 0000:00:07.0: quirk: [io  0x4100-0x410f] claimed by PIIX4 SMB
[    0.638987] ACPI: PCI Interrupt Link [LNKA] (IRQs 5 9 10 *11)
[    0.641023] ACPI: PCI Interrupt Link [LNKB] (IRQs 5 9 *10 11)
[    0.642998] ACPI: PCI Interrupt Link [LNKC] (IRQs 5 *9 10 11)
[    0.644920] ACPI: PCI Interrupt Link [LNKD] (IRQs 5 9 10 *11)
[    0.646850] ACPI: Enabled 2 GPEs in block 00 to 07
[    0.648718] vgaarb: setting as boot device: PCI:0000:00:02.0
[    0.650634] vgaarb: device added: PCI:0000:00:02.0,decodes=io+mem,owns=io+mem,locks=none
[    0.652706] vgaarb: loaded
[    0.653456] vgaarb: bridge control possible 0000:00:02.0
[    0.655108] SCSI subsystem initialized
[    0.656271] ACPI: bus type USB registered
[    0.657395] usbcore: registered new interface driver usbfs
[    0.659595] usbcore: registered new interface driver hub
[    0.660985] usbcore: registered new device driver usb
[    0.662634] PCI: Using ACPI for IRQ routing
[    0.664200] NetLabel: Initializing
[    0.665077] NetLabel:  domain hash size = 128
[    0.666259] NetLabel:  protocols = UNLABELED CIPSOv4
[    0.667376] NetLabel:  unlabeled traffic allowed by default
[    0.668627] amd_nb: Cannot enumerate AMD northbridges
[    0.671302] clocksource: Switched to clocksource kvm-clock
[    0.678324] AppArmor: AppArmor Filesystem Enabled
[    0.679665] pnp: PnP ACPI init
[    0.681256] pnp: PnP ACPI: found 3 devices
[    0.691160] clocksource: acpi_pm: mask: 0xffffff max_cycles: 0xffffff, max_idle_ns: 2085701024 ns
[    0.693180] NET: Registered protocol family 2
[    0.694336] TCP established hash table entries: 32768 (order: 6, 262144 bytes)
[    0.696053] TCP bind hash table entries: 32768 (order: 7, 524288 bytes)
[    0.699090] TCP: Hash tables configured (established 32768 bind 32768)
[    0.700422] UDP hash table entries: 2048 (order: 4, 65536 bytes)
[    0.701671] UDP-Lite hash table entries: 2048 (order: 4, 65536 bytes)
[    0.703025] NET: Registered protocol family 1
[    0.703981] pci 0000:00:00.0: Limiting direct PCI/PCI transfers
[    0.705136] pci 0000:00:01.0: Activating ISA DMA hang workarounds
[    0.706405] Unpacking initramfs...
[    0.901964] Freeing initrd memory: 14880K
[    0.903393] PCI-DMA: Using software bounce buffering for IO (SWIOTLB)
[    0.904755] software IO TLB: mapped [mem 0xdbff0000-0xdfff0000] (64MB)
[    0.906272] clocksource: tsc: mask: 0xffffffffffffffff max_cycles: 0x255cb6cc5db, max_idle_ns: 440795203504 ns
[    0.908220] platform rtc_cmos: registered platform RTC device (no PNP device found)
[    0.910275] Scanning for low memory corruption every 60 seconds
[    0.911749] audit: initializing netlink subsys (disabled)
[    0.912742] audit: type=2000 audit(1590988183.953:1): initialized
[    0.914007] Initialise system trusted keyring
[    0.915541] HugeTLB registered 2 MB page size, pre-allocated 0 pages
[    0.917709] zbud: loaded
[    0.918542] VFS: Disk quotas dquot_6.6.0
[    0.919731] VFS: Dquot-cache hash table entries: 512 (order 0, 4096 bytes)
[    0.921086] squashfs: version 4.0 (2009/01/31) Phillip Lougher
[    0.923894] fuse init (API version 7.23)
[    0.924957] Key type big_key registered
[    0.925718] Allocating IMA MOK and blacklist keyrings.
[    0.927936] Key type asymmetric registered
[    0.928724] Asymmetric key parser 'x509' registered
[    0.929658] Block layer SCSI generic (bsg) driver version 0.4 loaded (major 249)
[    0.933468] io scheduler noop registered
[    0.934682] io scheduler deadline registered (default)
[    0.935890] io scheduler cfq registered
[    0.936739] pci_hotplug: PCI Hot Plug PCI Core version: 0.5
[    0.937991] pciehp: PCI Express Hot Plug Controller Driver version: 0.4
[    0.939648] ACPI: AC Adapter [AC] (off-line)
[    0.940523] input: Power Button as /devices/LNXSYSTM:00/LNXPWRBN:00/input/input0
[    0.941965] ACPI: Power Button [PWRF]
[    0.942760] input: Sleep Button as /devices/LNXSYSTM:00/LNXSLPBN:00/input/input1
[    0.944253] ACPI: Sleep Button [SLPF]
[    0.945244] GHES: HEST is not enabled!
[    0.946323] ACPI: Battery Slot [BAT0] (battery present)
[    0.947641] Serial: 8250/16550 driver, 32 ports, IRQ sharing enabled
[    0.969494] 00:02: ttyS0 at I/O 0x3f8 (irq = 4, base_baud = 115200) is a 16550A
[    0.973360] Linux agpgart interface v0.103
[    0.976404] loop: module loaded
[    0.977537] scsi host0: ata_piix
[    0.978371] scsi host1: ata_piix
[    0.979045] ata1: PATA max UDMA/33 cmd 0x1f0 ctl 0x3f6 bmdma 0xd000 irq 14
[    0.980340] ata2: PATA max UDMA/33 cmd 0x170 ctl 0x376 bmdma 0xd008 irq 15
[    0.981648] libphy: Fixed MDIO Bus: probed
[    0.982603] tun: Universal TUN/TAP device driver, 1.6
[    0.983524] tun: (C) 1999-2004 Max Krasnyansky <maxk@qualcomm.com>
[    0.985031] PPP generic driver version 2.4.2
[    0.985934] ehci_hcd: USB 2.0 'Enhanced' Host Controller (EHCI) Driver
[    0.987134] ehci-pci: EHCI PCI platform driver
[    0.988044] ehci-platform: EHCI generic platform driver
[    0.989001] ohci_hcd: USB 1.1 'Open' Host Controller (OHCI) Driver
[    0.990106] ohci-pci: OHCI PCI platform driver
[    0.990985] ohci-platform: OHCI generic platform driver
[    0.992006] uhci_hcd: USB Universal Host Controller Interface driver
[    0.993167] i8042: PNP: PS/2 Controller [PNP0303:PS2K,PNP0f03:PS2M] at 0x60,0x64 irq 1,12
[    0.995108] serio: i8042 KBD port at 0x60,0x64 irq 1
[    0.996115] serio: i8042 AUX port at 0x60,0x64 irq 12
[    0.997225] mousedev: PS/2 mouse device common for all mice
[    0.999829] rtc_cmos rtc_cmos: rtc core: registered rtc_cmos as rtc0
[    1.001566] input: AT Translated Set 2 keyboard as /devices/platform/i8042/serio0/input/input2
[    1.003872] rtc_cmos rtc_cmos: alarms up to one day, 114 bytes nvram
[    1.005120] i2c /dev entries driver
[    1.006042] device-mapper: uevent: version 1.0.3
[    1.007130] device-mapper: ioctl: 4.34.0-ioctl (2015-10-28) initialised: dm-devel@redhat.com
[    1.009808] ledtrig-cpu: registered to indicate activity on CPUs
[    1.011487] NET: Registered protocol family 10
[    1.012547] NET: Registered protocol family 17
[    1.013399] Key type dns_resolver registered
[    1.014784] registered taskstats version 1
[    1.015846] Loading compiled-in X.509 certificates
[    1.018296] Loaded X.509 cert 'Build time autogenerated kernel key: a9e5689415cbbea5b40a198600f217117afda70c'
[    1.020462] zswap: loaded using pool lzo/zbud
[    1.022833] Key type trusted registered
[    1.026278] Key type encrypted registered
[    1.027143] AppArmor: AppArmor sha1 policy hashing enabled
[    1.028296] ima: No TPM chip found, activating TPM-bypass!
[    1.029341] ima: Allocated hash algorithm: sha1
[    1.030310] evm: HMAC attrs: 0x1
[    1.031626]   Magic number: 8:218:162
[    1.032525] rtc_cmos rtc_cmos: setting system clock to 2020-06-01 05:09:39 UTC (1590988179)
[    1.034490] BIOS EDD facility v0.16 2004-Jun-25, 0 devices found
[    1.035722] EDD information not available.
[    1.296151] Freeing unused kernel memory: 1488K
[    1.297420] Write protecting the kernel read-only data: 14336k
[    1.300305] Freeing unused kernel memory: 1600K
[    1.301411] Freeing unused kernel memory: 60K
Loading, please wait...
starting version 229
[    1.313384] random: systemd-udevd: uninitialized urandom read (16 bytes read, 3 bits of entropy available)
[    1.313978] random: udevadm: uninitialized urandom read (16 bytes read, 3 bits of entropy available)
[    1.313991] random: udevadm: uninitialized urandom read (16 bytes read, 3 bits of entropy available)
[    1.319761] random: systemd-udevd: uninitialized urandom read (16 bytes read, 3 bits of entropy available)
[    1.320212] random: udevadm: uninitialized urandom read (16 bytes read, 3 bits of entropy available)
[    1.320243] random: udevadm: uninitialized urandom read (16 bytes read, 3 bits of entropy available)
[    1.320405] random: udevadm: uninitialized urandom read (16 bytes read, 3 bits of entropy available)
[    1.320440] random: udevadm: uninitialized urandom read (16 bytes read, 3 bits of entropy available)
[    1.320472] random: udevadm: uninitialized urandom read (16 bytes read, 3 bits of entropy available)
[    1.320503] random: udevadm: uninitialized urandom read (16 bytes read, 3 bits of entropy available)
[    1.346172] e1000: Intel(R) PRO/1000 Network Driver - version 7.3.21-k8-NAPI
[    1.348535] e1000: Copyright (c) 1999-2006 Intel Corporation.
[    1.353107] Fusion MPT base driver 3.04.20
[    1.354081] Copyright (c) 1999-2008 LSI Corporation
[    1.358808] Fusion MPT SPI Host driver 3.04.20
[    1.361968] AVX2 version of gcm_enc/dec engaged.
[    1.362873] AES CTR mode by8 optimization enabled
[    1.556094] input: ImExPS/2 Generic Explorer Mouse as /devices/platform/i8042/serio1/input/input4
[    1.727383] e1000 0000:00:03.0 eth0: (PCI:33MHz:32-bit) 02:98:f4:a7:56:97
[    1.728994] e1000 0000:00:03.0 eth0: Intel(R) PRO/1000 Network Connection
[    1.731218] mptbase: ioc0: Initiating bringup
[    1.796412] ioc0: LSI53C1030 A0: Capabilities={Initiator}
[    1.957383] scsi host2: ioc0: LSI53C1030 A0, FwRev=00000000h, Ports=1, MaxQ=256, IRQ=20
[    2.075833] scsi 2:0:0:0: Direct-Access     VBOX     HARDDISK         1.0  PQ: 0 ANSI: 5
[    2.077830] scsi target2:0:0: Beginning Domain Validation
[    2.080920] scsi target2:0:0: Domain Validation skipping write tests
[    2.082364] scsi target2:0:0: Ending Domain Validation
[    2.084127] scsi target2:0:0: asynchronous
[    2.085802] scsi 2:0:1:0: Direct-Access     VBOX     HARDDISK         1.0  PQ: 0 ANSI: 5
[    2.087649] scsi target2:0:1: Beginning Domain Validation
[    2.090436] scsi target2:0:1: Domain Validation skipping write tests
[    2.091886] scsi target2:0:1: Ending Domain Validation
[    2.093118] scsi target2:0:1: asynchronous
[    2.101762] sd 2:0:0:0: Attached scsi generic sg0 type 0
[    2.101844] sd 2:0:0:0: [sda] 62914560 512-byte logical blocks: (32.2 GB/30.0 GiB)
[    2.101972] sd 2:0:0:0: [sda] Write Protect is off
[    2.102080] sd 2:0:0:0: [sda] Incomplete mode parameter data
[    2.102081] sd 2:0:0:0: [sda] Assuming drive cache: write through
[    2.105660]  sda: sda1
[    2.106230] sd 2:0:0:0: [sda] Attached SCSI disk
[    2.111334] sd 2:0:1:0: Attached scsi generic sg1 type 0
[    2.117382] sd 2:0:1:0: [sdb] 20480 512-byte logical blocks: (10.5 MB/10.0 MiB)
[    2.123518] sd 2:0:1:0: [sdb] Write Protect is off
[    2.124747] sd 2:0:1:0: [sdb] Incomplete mode parameter data
[    2.125990] sd 2:0:1:0: [sdb] Assuming drive cache: write through
[    2.129764] sd 2:0:1:0: [sdb] Attached SCSI disk
[    2.451828] e1000 0000:00:08.0 eth1: (PCI:33MHz:32-bit) 08:00:27:6d:f8:77
[    2.453717] e1000 0000:00:08.0 eth1: Intel(R) PRO/1000 Network Connection
[    2.455854] e1000 0000:00:08.0 enp0s8: renamed from eth1
[    2.576214] e1000 0000:00:03.0 enp0s3: renamed from eth0
Begin: Loading essential drivers ... [    3.829796] md: linear personality registered for level -1
[    3.833886] md: multipath personality registered for level -4
[    3.837009] md: raid0 personality registered for level 0
[    3.840993] md: raid1 personality registered for level 1
[    3.911485] raid6: sse2x1   gen() 13525 MB/s
[    3.979541] raid6: sse2x1   xor()  9985 MB/s
[    4.047571] raid6: sse2x2   gen() 16405 MB/s
[    4.115358] raid6: sse2x2   xor() 11475 MB/s
[    4.183478] raid6: sse2x4   gen() 19112 MB/s
[    4.251913] raid6: sse2x4   xor() 12015 MB/s
[    4.319541] raid6: avx2x1   gen() 22047 MB/s
[    4.387448] raid6: avx2x2   gen() 30810 MB/s
[    4.455849] raid6: avx2x4   gen() 34335 MB/s
[    4.457005] raid6: using algorithm avx2x4 gen() 34335 MB/s
[    4.458047] raid6: using avx2x2 recovery algorithm
[    4.460229] xor: automatically using best checksumming function:
[    4.499934]    avx       : 32550.000 MB/sec
[    4.502319] async_tx: api initialized (async)
[    4.511055] md: raid6 personality registered for level 6
[    4.512193] md: raid5 personality registered for level 5
[    4.513165] md: raid4 personality registered for level 4
[    4.519330] md: raid10 personality registered for level 10
done.
Begin: Running /scripts/init-premount ... done.
Begin: Mounting root file system ... Begin: Running /scripts/local-top ... done.
Begin: Running /scripts/local-premount ... [    4.545759] Btrfs loaded
Scanning for Btrfs filesystems
done.
Warning: fsck not present, so skipping root file system
[    4.562613] EXT4-fs (sda1): mounted filesystem with ordered data mode. Opts: (null)
done.
Begin: Running /scripts/local-bottom ... done.
Begin: Running /scripts/init-bottom ... done.
[    4.607598] systemd[1]: systemd 229 running in system mode. (+PAM +AUDIT +SELINUX +IMA +APPARMOR +SMACK +SYSVINIT +UTMP +LIBCRYPTSETUP +GCRYPT +GNUTLS +ACL +XZ -LZ4 +SECCOMP +BLKID +ELFUTILS +KMOD -IDN)
[    4.610770] systemd[1]: Detected virtualization oracle.
[    4.611787] systemd[1]: Detected architecture x86-64.

Welcome to [1mUbuntu 16.04.6 LTS[0m!

[    4.614232] systemd[1]: Set hostname to <ubuntu>.
[    4.616416] systemd[1]: Initializing machine ID from random generator.
[    4.617686] systemd[1]: Installed transient /etc/machine-id file.
[    4.713744] systemd[1]: Reached target Swap.
[[0;32m  OK  [0m] Reached target Swap.
[    4.715521] systemd[1]: Listening on Syslog Socket.
[[0;32m  OK  [0m] Listening on Syslog Socket.
[    4.717302] systemd[1]: Listening on LVM2 metadata daemon socket.
[[0;32m  OK  [0m] Listening on LVM2 metadata daemon socket.
[    4.719538] systemd[1]: Started Forward Password Requests to Wall Directory Watch.
[[0;32m  OK  [0m] Started Forward Password Requests to Wall Directory Watch.
[    4.722141] systemd[1]: Listening on /dev/initctl Compatibility Named Pipe.
[[0;32m  OK  [0m] Listening on /dev/initctl Compatibility Named Pipe.
[    4.724629] systemd[1]: Listening on Journal Socket.
[[0;32m  OK  [0m] Listening on Journal Socket.
[    4.726589] systemd[1]: Created slice User and Session Slice.
[[0;32m  OK  [0m] Created slice User and Session Slice.
[    4.728650] systemd[1]: Listening on LVM2 poll daemon socket.
[[0;32m  OK  [0m] Listening on LVM2 poll daemon socket.
[    4.730713] systemd[1]: Set up automount Arbitrary Executable File Formats File System Automount Point.
[[0;32m  OK  [0m] Set up automount Arbitrary Executab...ats File System Automount Point.
[    4.740052] systemd[1]: Listening on Journal Socket (/dev/log).
[[0;32m  OK  [0m] Listening on Journal Socket (/dev/log).
[    4.743023] systemd[1]: Reached target User and Group Name Lookups.
[[0;32m  OK  [0m] Reached target User and Group Name Lookups.
[    4.746015] systemd[1]: Reached target System Time Synchronized.
[[0;32m  OK  [0m] Reached target System Time Synchronized.
[    4.748779] systemd[1]: Created slice System Slice.
[[0;32m  OK  [0m] Created slice System Slice.
[    4.764205] systemd[1]: Starting Uncomplicated firewall...
         Starting Uncomplicated firewall...
[    4.772099] systemd[1]: Reached target Slices.
[[0;32m  OK  [0m] Reached target Slices.
[    4.780139] systemd[1]: Starting Remount Root and Kernel File Systems...
         Starting Remount Root and Kernel File Systems...
[    4.783717] systemd[1]: Mounting Huge Pages File System...
[    4.785227] EXT4-fs (sda1): re-mounted. Opts: (null)
         Mounting Huge Pages File System...
[    4.787974] systemd[1]: Starting Load Kernel Modules...
         Starting Load Kernel Modules...
[    4.793558] Loading iSCSI transport class v2.0-870.
[    4.797694] systemd[1]: Mounting Debug File System...
         Mounting Debug File System...
[    4.801087] systemd[1]: Starting Create list of required static device nodes for the current kernel...
         Starting Create list of required st... nodes for the current kernel...
[    4.806425] systemd[1]: Started Trigger resolvconf update for networkd DNS.
[    4.808644] iscsi: registered transport (tcp)
[[0;32m  OK  [0m] Started Trigger resolvconf update for networkd DNS.
[    4.819839] systemd[1]: Listening on udev Kernel Socket.
[[0;32m  OK  [0m] Listening on udev Kernel Socket.
[    4.837859] iscsi: registered transport (iser)
[    4.839547] systemd[1]: Starting Set console keymap...
         Starting Set console keymap...
[    4.842557] systemd[1]: Mounting POSIX Message Queue File System...
         Mounting POSIX Message Queue File System...
[    4.846012] systemd[1]: Starting Nameserver information manager...
         Starting Nameserver information manager...
[    4.855759] systemd[1]: Listening on Journal Audit Socket.
[[0;32m  OK  [0m] Listening on Journal Audit Socket.
[    4.859088] systemd[1]: Starting Journal Service...
         Starting Journal Service...
[    4.861609] systemd[1]: Reached target Encrypted Volumes.
[[0;32m  OK  [0m] Reached target Encrypted Volumes.
[    4.864257] systemd[1]: Listening on Device-mapper event daemon FIFOs.
[[0;32m  OK  [0m] Listening on Device-mapper event daemon FIFOs.
[    4.872660] systemd[1]: Starting Monitoring of LVM2 mirrors, snapshots etc. using dmeventd or progress polling...
         Starting Monitoring of LVM2 mirrors... dmeventd or progress polling...
[    4.876814] systemd[1]: Listening on udev Control Socket.
[[0;32m  OK  [0m] Listening on udev Control Socket.
[    4.879630] systemd[1]: Created slice system-serial\x2dgetty.slice.
[[0;32m  OK  [0m] Created slice system-serial\x2dgetty.slice.
[    4.885514] systemd[1]: Mounted POSIX Message Queue File System.
[[0;32m  OK  [0m] Mounted POSIX Message Queue File System.
[    4.888199] systemd[1]: Mounted Huge Pages File System.
[[0;32m  OK  [0m] Mounted Huge Pages File System.
[    4.890469] systemd[1]: Mounted Debug File System.
[[0;32m  OK  [0m] Mounted Debug File System.
[    4.892810] systemd[1]: Started Journal Service.
[[0;32m  OK  [0m] Started Journal Service.
[[0;32m  OK  [0m] Started Uncomplicated firewall.
[[0;32m  OK  [0m] Started Remount Root and Kernel File Systems.
[[0;32m  OK  [0m] Started Load Kernel Modules.
[[0;32m  OK  [0m] Started Create list of required sta...ce nodes for the current kernel.
[[0;32m  OK  [0m] Started Set console keymap.
[[0;32m  OK  [0m] Started Nameserver information manager.
[[0;32m  OK  [0m] Started LVM2 metadata daemon.
         Starting Create Static Device Nodes in /dev...
         Mounting FUSE Control File System...
         Starting Apply Kernel Variables...
         Starting Load/Save Random Seed...
         Starting udev Coldplug all Devices...
         Starting Flush Journal to Persistent Storage...
[[0;32m  OK  [0m] Mounted FUSE Control File System.
[[0;32m  OK  [0m] Started Create Static Device Nodes in /dev.
[[0;32m  OK  [0m] Started Apply Kernel Variables.
[[0;32m  OK  [0m] Started Load/Save Random Seed.
         Starting udev Kernel Device Manager...
[[0;32m  OK  [0m] Started Flush Journal to Persistent Storage.
[[0;32m  OK  [0m] Started udev Kernel Device Manager.
[[0;32m  OK  [0m] Started udev Coldplug all Devices.
[[0;32m  OK  [0m] Started Dispatch Password Requests to Console Directory Watch.
[[0;32m  OK  [0m] Found device /dev/ttyS0.
[[0;32m  OK  [0m] Listening on Load/Save RF Kill Switch Status /dev/rfkill Watch.
[[0;32m  OK  [0m] Started Monitoring of LVM2 mirrors,...ng dmeventd or progress polling.
[[0;32m  OK  [0m] Reached target Local File Systems (Pre).
[[0;32m  OK  [0m] Reached target Local File Systems.
         Starting LSB: AppArmor initialization...
         Starting Commit a transient machine-id on disk...
         Starting Tell Plymouth To Write Out Runtime Data...
         Starting Initial cloud-init job (pre-networking)...
         Starting Set console font and keymap...
         Starting Create Volatile Files and Directories...
[[0;32m  OK  [0m] Started Create Volatile Files and Directories.
         Starting Update UTMP about System Boot/Shutdown...
[[0;32m  OK  [0m] Started Tell Plymouth To Write Out Runtime Data.
[[0;32m  OK  [0m] Started Update UTMP about System Boot/Shutdown.
[[0;32m  OK  [0m] Started Commit a transient machine-id on disk.
[[0;32m  OK  [0m] Started LSB: AppArmor initialization.
[[0;32m  OK  [0m] Started Set console font and keymap.
[[0;32m  OK  [0m] Created slice system-getty.slice.
[    5.729638] cloud-init[652]: Cloud-init v. 19.4-33-gbb4131a2-0ubuntu1~16.04.1 running 'init-local' at Mon, 01 Jun 2020 05:09:44 +0000. Up 5.55 seconds.
[[0;32m  OK  [0m] Started Initial cloud-init job (pre-networking).
[[0;32m  OK  [0m] Reached target Network (Pre).
         Starting Raise network interfaces...
[[0;32m  OK  [0m] Started Raise network interfaces.
         Starting Initial cloud-init job (metadata service crawler)...
[[0;32m  OK  [0m] Reached target Network.
[    6.810002] cloud-init[978]: Cloud-init v. 19.4-33-gbb4131a2-0ubuntu1~16.04.1 running 'init' at Mon, 01 Jun 2020 05:09:45 +0000. Up 6.50 seconds.
[    6.811497] cloud-init[978]: ci-info: ++++++++++++++++++++++++++++++++++++++Net device info+++++++++++++++++++++++++++++++++++++++
[    6.824622] cloud-init[978]: ci-info: +--------+-------+----------------------------+---------------+--------+-------------------+
[    6.839172] cloud-init[978]: ci-info: | Device |   Up  |          Address           |      Mask     | Scope  |     Hw-Address    |
[    7.124330] cloud-init[978]: ci-info: +--------+-------+----------------------------+---------------+--------+-------------------+
[[0;32m  OK  [0m] Started Initial cloud-init job (metadata service crawler).
[    7.124701] cloud-init[978]: ci-info: | enp0s3 |  True |         10.0.2.15          | 255.255.255.0 | global | 02:98:f4:a7:56:97 |
[    7.324673] cloud-init[978]: ci-info: | enp0s3 |  True | fe80::98:f4ff:fea7:5697/64 |       .       |  link  | 02:98:f4:a7:56:97 |
[    7.324851] cloud-init[978]: ci-info: | enp0s8 | False |             .              |       .       |   .    | 08:00:27:6d:f8:77 |
[    7.325441] cloud-init[978]: ci-info: |   lo   |  True |         127.0.0.1          |   255.0.0.0   |  host  |         .         |
[    7.326010] cloud-init[978]: ci-info: |   lo   |  True |          ::1/128           |       .       |  host  |         .         |
[    7.326613] cloud-init[978]: ci-info: +--------+-------+----------------------------+---------------+--------+-------------------+
[    7.327221] cloud-init[978]: ci-info: +++++++++++++++++++++++++++Route IPv4 info++++++++++++++++++++++++++++
[    7.327827] cloud-init[978]: ci-info: +-------+-------------+----------+---------------+-----------+-------+
[[0;32m  OK  [0m] Reached target System Initialization.
[[    7.328157] [0;32m  OK  [0mcloud-init] [978]: Started Daily Cleanup of Temporary Directories.ci-info: | Route | Destination | Gateway  |    Genmask    | Interface | Flags |

[    7.339047] [cloud-init[0;32m  OK  [0m[978]: ] ci-info: +-------+-------------+----------+---------------+-----------+-------+Listening on D-Bus System Message Bus Socket.

[[    7.339224] [0;32m  OK  [0mcloud-init] [978]: Started Message of the Day.ci-info: |   0   |   0.0.0.0   | 10.0.2.2 |    0.0.0.0    |   enp0s3  |   UG  |

[    7.343383] cloud-init[[978]: [0;32m  OK  [0mci-info: |   1   |   10.0.2.0  | 0.0.0.0  | 255.255.255.0 |   enp0s3  |   U   |] 
Listening on UUID daemon activation socket.
         [    7.343719] Starting Socket activation for snappy daemon.cloud-init
[978]: ci-info: +-------+-------------+----------+---------------+-----------+-------+
[    7.347568] cloud-init[978]: ci-info: +++++++++++++++++++Route IPv6 info+++++++++++++++++++
[[0;32m  OK  [0m] Listening on ACPID Listen Socket.
[[    7.347761] [0;32m  OK  [0mcloud-init] [978]: Started Daily apt download activities.ci-info: +-------+-------------+---------+-----------+-------+

[    7.351423] [cloud-init[0;32m  OK  [0m[978]: ] ci-info: | Route | Destination | Gateway | Interface | Flags |Started Daily apt upgrade and clean activities.

[[    7.351594] [0;32m  OK  [0mcloud-init] [978]: Reached target Timers.ci-info: +-------+-------------+---------+-----------+-------+

[    7.355292]          cloud-initStarting LXD - unix socket.[978]: 
ci-info: |   0   |  fe80::/64  |    ::   |   enp0s3  |   U   |
[    7.357516] [cloud-init[0;32m  OK  [0m[978]: ] ci-info: |   3   |   ff00::/8  |    ::   |   enp0s3  |   U   |Started ACPI Events Check.

[[    7.357900] [0;32m  OK  [0mcloud-init] [978]: Reached target Paths.ci-info: +-------+-------------+---------+-----------+-------+

[    7.361552] [cloud-init[0;32m  OK  [0m[978]: ] Generating public/private rsa key pair.Reached target Network is Online.

[    7.361781] cloud-init[978]: Your identification has been saved in /etc/ssh/ssh_host_rsa_key.
[    7.364926] cloud-init[978]: Your public key has been saved in /etc/ssh/ssh_host_rsa_key.pub.
[    7.366302] cloud-init[978]: The key fingerprint is:
[    7.367204] cloud-init[978]: SHA256:sPgiomKe2mttp44s2NlKdwMFsRU1nZsG9uiycmmrSTQ root@ubuntu-xenial
[    7.368649] cloud-init[978]: The key's randomart image is:
[    7.369609] cloud-init[978]: +---[RSA 2048]----+
[    7.370475] cloud-init[978]: |    o.ooo. .     |
[    7.371311] cloud-init[978]: |     +  o.o      |
[    7.372182] cloud-init[978]: |    . o. + o     |
[    7.373013] cloud-init[978]: |     o o. =      |
[    7.380329] cloud-init[978]:          |    E ..S.       |Starting iSCSI initiator daemon (iscsid)...

[    7.380733] [cloud-init[0;32m  OK  [0m[978]: ] |   . +. .        |Reached target Cloud-config availability.

[    7.382100] cloud-init[978]: |o.o++ ++         |
[    7.384355] [cloud-init[0;32m  OK  [0m[978]: ] |=*===+*.         |Listening on Socket activation for snappy daemon.

[    7.384578] [cloud-init[0;32m  OK  [0m[978]: ] |B=*==B..         |Listening on LXD - unix socket.

[    7.386347] cloud-init[978]: +----[SHA256]-----+
[    7.388621] cloud-init[978]: Generating public/private dsa key pair.
[[0;32m  OK  [0m] [    7.388859] Reached target Sockets.cloud-init
[978]: Your identification has been saved in /etc/ssh/ssh_host_dsa_key.
[    7.391064] [cloud-init[0;32m  OK  [0m[978]: ] Your public key has been saved in /etc/ssh/ssh_host_dsa_key.pub.Reached target Basic System.

[    7.391290] cloud-init[978]: The key fingerprint is:
[    7.394404]          cloud-initStarting LXD - container startup/shutdown...[978]: 
SHA256:3Srwb0LKiRnPQd9OlVrRREA090d9mCFkYvM7qRYjQ4Q root@ubuntu-xenial
[    7.396660] cloud-init[978]: The key's randomart image is:
         Starting LSB: MD monitoring daemon...
[    7.396837] cloud-init[978]: +---[DSA 1024]----+
[    7.399122] cloud-init[978]: |       .. ++O==+o|         
Starting System Logging Service...
         Starting Login Service...
[    7.399358] cloud-init[978]: |      E. . =.++oo|
[    7.402581] cloud-init[978]: |        .   .o  +|
[    7.403572] cloud-init         [978]: Starting Pollinate to seed the pseudo random number generator...|      .. . .+o  .|

[    7.405552]          cloud-initStarting LSB: Record successful boot for GRUB...[978]: 
|     ...S.++=    |
[    7.407209]          Starting Accounts Service...
[[0;32m  OK  [0m] Started Deferred execution scheduler.
[[0;32m  OK  [0m] Started FUSE filesystem for LXC.
cloud-init[978]: [[0;32m  OK  [0m] Started Regular background program processing daemon.
         Starting Virtualbox guest utils...
         Starting /etc/rc.local Compatibility...
|    . .ooo+= .   |[[0;32m  OK  [0m] Started D-Bus System Message Bus.

[    7.415817] cloud-init[978]: |     B =oo+      |
[    7.417539] cloud-init[978]: |    o * .+o      |
[    7.419405] cloud-init[978]: |         o.      |
[    7.422116] cloud-init[978]: +----[SHA256]-----+
[    7.423471] cloud-init[978]: Generating public/private ecdsa key pair.
[    7.432403] [cloud-init[0;32m  OK  [0m[978]: ] Your identification has been saved in /etc/ssh/ssh_host_ecdsa_key.Started ACPI event daemon.

[    7.432570] cloud-init[978]: Your public key has been saved in /etc/ssh/ssh_host_ecdsa_key.pub.
[    7.436024]          cloud-initStarting Snappy daemon...[978]: 
The key fingerprint is:
[    7.437372] [cloud-init[0;32m  OK  [0m[978]: ] SHA256:Ixib04DWTgajgnIgXmY+iT1xn8kT5Dghe18rlJq6Y1M root@ubuntu-xenialStarted System Logging Service.

[[    7.437563] [0;32m  OK  [0mcloud-init] [978]: Started iSCSI initiator daemon (iscsid).The key's randomart image is:

[    7.444242] [cloud-init[0;32m  OK  [0m[978]: ] +---[ECDSA 256]---+Started /etc/rc.local Compatibility.

[    7.444593] cloud-init[978]: |o o* o.o         |
[    7.448940] cloud-init[978]: |+oB=* * =        |
[    7.451862] cloud-init[978]: |=o+B*+ X .       |
[    7.458554] cloud-init[978]: |oo ++B* o .      |
[[0;32m  OK  [0m] Started Login Service.
[    7.468300] cloud-init[978]: |    *oooS.       |
[    7.473134] [cloud-init[0;32m  OK  [0m[978]: ] |    .E ...       |Started Unattended Upgrades Shutdown.

[    7.473333] cloud-init[978]: |   ..            |
[    7.477683] cloud-init[978]: |   +.            |
         Starting Authenticate and Authorize Users to Run Privileged Tasks...
         Starting Login to default iSCSI targets...
[    7.489722] cloud-init[978]: |  ..o            |
[    7.498132] [[0;32m  OK  [0m] Started LSB: MD monitoring daemon.
cloud-init[978]: +----[SHA256]-----+
[[0;32m  OK  [0m] Started LXD - container startup/shutdown.
[    7.500177] [[0;32m  OK  [0m] Started LSB: Record successful boot for GRUB.
cloud-init[978]: Generating public/private ed25519 key pair.
[    7.506431] cloud-init[978]: Your identification has been saved in /etc/ssh/ssh_host_ed25519_key.
[    7.510655] cloud-init[978]: Your public key has been saved in /etc/ssh/ssh_host_ed25519_key.pub.
[    7.514670] cloud-init[978]: The key fingerprint is:
[    7.518960] cloud-init[[978]: [0;32m  OK  [0mSHA256:ZDWbRpiSRm6ki1dfDINhPckMnjfnd0P7dMhcqjHhTcw root@ubuntu-xenial] 
Started Authenticate and Authorize Users to Run Privileged Tasks.
[    7.519160] cloud-init[978]: The key's randomart image is:
[    7.523235] [cloud-init[0;32m  OK  [0m[978]: ] +--[ED25519 256]--+Started Login to default iSCSI targets.

[[    7.523449] [0;32m  OK  [0mcloud-init] [978]: Started Accounts Service.|     .*Oo++      |

[    7.526453] [cloud-init[0;32m  OK  [0m[978]: ] |     *=.O* + o   |Reached target Remote File Systems (Pre).

[    7.526897] [cloud-init[0;32m  OK  [0m[978]: ] |    ..*.=.B . E .|Reached target Remote File Systems.

[    7.528531] cloud-init[978]: |   . + = * . B = |
[    7.532897]          cloud-initStarting LSB: automatic crash report generation...[978]: 
|  . o   S . = X o|
[    7.535387]          cloud-initStarting LSB: Set the CPU Frequency Scaling governor to "ondemand"...[978]: 
|   .       . = +.|
[    7.540318] cloud-init[978]:          |            .   .|Starting Permit User Sessions...

[    7.540546] cloud-init[978]: |                 |
[    7.542820]          cloud-initStarting LSB: daemon to balance interrupts for SMP systems...[978]: 
|                 |
[    7.544476] [cloud-init[0;32m  OK  [0m[978]: ] +----[SHA256]-----+Started Permit User Sessions.

         Starting Terminate Plymouth Boot Screen...
         Starting Hold until boot process finishes up...
[[0;32m  OK  [0m] Started LSB: automatic crash report generation.
[[0;32m  OK  [0m] Started Virtualbox guest utils.
[[0;32m  OK  [0m] Started LSB: Set the CPU Frequency Scaling governor to "ondemand".
[[0;32m  OK  [0m] Started Terminate Plymouth Boot Screen.
[[0;32m  OK  [0m] Started Hold until boot process finishes up.
         Starting Set console scheme...
[[0;32m  OK  [0m] Started Serial Getty on ttyS0.
[[0;32m  OK  [0m] Started Getty on tty1.
[[0;32m  OK  [0m] Reached target Login Prompts.
[[0;32m  OK  [0m] Started Set console scheme.
[[0;32m  OK  [0m] Started LSB: daemon to balance interrupts for SMP systems.
[[0;32m  OK  [0m] Started Snappy daemon.
         Starting Wait until snapd is fully seeded...
[[0;32m  OK  [0m] Started Pollinate to seed the pseudo random number generator.
         Starting OpenBSD Secure Shell server...
[[0;32m  OK  [0m] Started OpenBSD Secure Shell server.
[[0;32m  OK  [0m] Created slice User Slice of vagrant.
         Starting User Manager for UID 1000...
[[0;32m  OK  [0m] Started Session 1 of user vagrant.
[[0;32m  OK  [0m] Started User Manager for UID 1000.
[[0;32m  OK  [0m] Started Wait until snapd is fully seeded.
         Starting Apply the settings specified in cloud-config...
[[0;32m  OK  [0m] Reached target Multi-User System.
[[0;32m  OK  [0m] Reached target Graphical Interface.
         Starting Update UTMP about System Runlevel Changes...
[[0;32m  OK  [0m] Started Update UTMP about System Runlevel Changes.
[   12.801704] cloud-init[1400]: Generating locales (this might take a while)...
[   13.427428] cloud-init[1400]:   en_US.UTF-8... done
[   13.427902] cloud-init[1400]: Generation complete.
[   13.623844] cloud-init[1400]: Cloud-init v. 19.4-33-gbb4131a2-0ubuntu1~16.04.1 running 'modules:config' at Mon, 01 Jun 2020 05:09:51 +0000. Up 12.72 seconds.

Ubuntu 16.04.6 LTS ubuntu-xenial ttyS0

ubuntu-xenial login: ci-info: no authorized SSH keys fingerprints found for user ubuntu.
<14>Jun  1 05:09:52 ec2: 
<14>Jun  1 05:09:52 ec2: #############################################################
<14>Jun  1 05:09:52 ec2: -----BEGIN SSH HOST KEY FINGERPRINTS-----
<14>Jun  1 05:09:52 ec2: 1024 SHA256:3Srwb0LKiRnPQd9OlVrRREA090d9mCFkYvM7qRYjQ4Q root@ubuntu-xenial (DSA)
<14>Jun  1 05:09:52 ec2: 256 SHA256:Ixib04DWTgajgnIgXmY+iT1xn8kT5Dghe18rlJq6Y1M root@ubuntu-xenial (ECDSA)
<14>Jun  1 05:09:52 ec2: 256 SHA256:ZDWbRpiSRm6ki1dfDINhPckMnjfnd0P7dMhcqjHhTcw root@ubuntu-xenial (ED25519)
<14>Jun  1 05:09:52 ec2: 2048 SHA256:sPgiomKe2mttp44s2NlKdwMFsRU1nZsG9uiycmmrSTQ root@ubuntu-xenial (RSA)
<14>Jun  1 05:09:52 ec2: -----END SSH HOST KEY FINGERPRINTS-----
<14>Jun  1 05:09:52 ec2: #############################################################
-----BEGIN SSH HOST KEY KEYS-----
ecdsa-sha2-nistp256 AAAAE2VjZHNhLXNoYTItbmlzdHAyNTYAAAAIbmlzdHAyNTYAAABBBAnNGQXFt9Ps+ePsul3CftCwauouSQwPzNBO6yzgR6IHCuvWhMoXKfS+6DQ5ONunydq4+10zqMfr8ReDw8aP88I= root@ubuntu-xenial
ssh-ed25519 AAAAC3NzaC1lZDI1NTE5AAAAIBwbI+5xuRkHAvGDgaSqhRNExw+M7zTCJEQd7pVaG/Ky root@ubuntu-xenial
ssh-rsa AAAAB3NzaC1yc2EAAAADAQABAAABAQCsXh2vnxh+DmpZLyzWpBplPNLNdJ5bAx1OBj/UePkvmr1W8A8vnhUYzMDrHgCvUa0aXQfjdLJ5vKVbDs5hJshFGyVkTirEqljM9sFhaqwQzd5AcKuzg07eqXIXpWJGGQW3IxoOz6cVm8xaHMCJblrxEPbctUTrU/uZTxo7jbwjh0xl5E+54Ty2H+jEdHIyPboaKxl8wDCoPVNjqBIMlWj6N7cgN6mKbRftGemir0jtI2lBxe1gcLRFzaqahNEKLM7BdBXvPBp1Mh3FK9lRF6vi2/iB+MxFd5xllApsyvX2BQPpuqf/iR/hdEx6KORWaOaQh9YJ4g5u1CDtsGIRdQBr root@ubuntu-xenial
-----END SSH HOST KEY KEYS-----
[   13.974370] cloud-init[1636]: Cloud-init v. 19.4-33-gbb4131a2-0ubuntu1~16.04.1 running 'modules:final' at Mon, 01 Jun 2020 05:09:52 +0000. Up 13.88 seconds.
[   13.974881] cloud-init[1636]: ci-info: no authorized SSH keys fingerprints found for user ubuntu.
[   13.975134] cloud-init[1636]: Cloud-init v. 19.4-33-gbb4131a2-0ubuntu1~16.04.1 finished at Mon, 01 Jun 2020 05:09:52 +0000. Datasource DataSourceNoCloud [seed=/dev/sdb][dsmode=net].  Up 13.96 seconds
